BTreeNode
{
    kind: -1
    value: stmt-sequence
    nodeList:
    BTreeNode
    {
        kind: -1
        value: stmt-sequence
        nodeList:
        BTreeNode
        {
            kind: -1
            value: stmt-sequence
            nodeList:
            BTreeNode
            {
                kind: -1
                value: stmt-sequence
                nodeList:
                BTreeNode
                {
                    kind: -1
                    value: stmt-sequence
                    nodeList:
                    BTreeNode
                    {
                        kind: -1
                        value: stmt-sequence
                        nodeList:
                        BTreeNode
                        {
                            kind: -1
                            value: stmt-sequence
                            nodeList:
                            BTreeNode
                            {
                                kind: -1
                                value: stmt-sequence
                                nodeList:
                                BTreeNode
                                {
                                    kind: -1
                                    value: stmt-sequence
                                    nodeList:
                                    BTreeNode
                                    {
                                        kind: -1
                                        value: stmt-sequence
                                        nodeList:
                                        BTreeNode
                                        {
                                            kind: -1
                                            value: stmt-sequence
                                            nodeList:
                                            BTreeNode
                                            {
                                                kind: -1
                                                value: stmt-sequence
                                                nodeList:
                                                BTreeNode
                                                {
                                                    kind: -1
                                                    value: stmt-sequence
                                                    nodeList:
                                                    BTreeNode
                                                    {
                                                        kind: -1
                                                        value: stmt-sequence
                                                        nodeList:
                                                        BTreeNode
                                                        {
                                                            kind: -1
                                                            value: stmt-sequence
                                                            nodeList:
                                                            BTreeNode
                                                            {
                                                                kind: -1
                                                                value: stmt-sequence
                                                                nodeList:
                                                                BTreeNode
                                                                {
                                                                    kind: read
                                                                    value: read
                                                                    nodeList:
                                                                    BTreeNode
                                                                    {
                                                                        kind: ID
                                                                        value: x
                                                                    }
                                                                }
                                                                BTreeNode
                                                                {
                                                                    kind: read
                                                                    value: read
                                                                    nodeList:
                                                                    BTreeNode
                                                                    {
                                                                        kind: ID
                                                                        value: y
                                                                    }
                                                                }
                                                            }
                                                            BTreeNode
                                                            {
                                                                kind: ASSIGN
                                                                value: :=
                                                                nodeList:
                                                                BTreeNode
                                                                {
                                                                    kind: ID
                                                                    value: sum
                                                                }
                                                                BTreeNode
                                                                {
                                                                    kind: -1
                                                                    value: simple-exp
                                                                    nodeList:
                                                                    BTreeNode
                                                                    {
                                                                        kind: PLUS
                                                                        value: +
                                                                    }
                                                                    BTreeNode
                                                                    {
                                                                        kind: ID
                                                                        value: x
                                                                    }
                                                                    BTreeNode
                                                                    {
                                                                        kind: ID
                                                                        value: y
                                                                    }
                                                                }
                                                            }
                                                        }
                                                        BTreeNode
                                                        {
                                                            kind: ASSIGN
                                                            value: :=
                                                            nodeList:
                                                            BTreeNode
                                                            {
                                                                kind: ID
                                                                value: diff
                                                            }
                                                            BTreeNode
                                                            {
                                                                kind: -1
                                                                value: simple-exp
                                                                nodeList:
                                                                BTreeNode
                                                                {
                                                                    kind: MINUS
                                                                    value: -
                                                                }
                                                                BTreeNode
                                                                {
                                                                    kind: ID
                                                                    value: x
                                                                }
                                                                BTreeNode
                                                                {
                                                                    kind: ID
                                                                    value: y
                                                                }
                                                            }
                                                        }
                                                    }
                                                    BTreeNode
                                                    {
                                                        kind: ASSIGN
                                                        value: :=
                                                        nodeList:
                                                        BTreeNode
                                                        {
                                                            kind: ID
                                                            value: prod
                                                        }
                                                        BTreeNode
                                                        {
                                                            kind: -1
                                                            value: term
                                                            nodeList:
                                                            BTreeNode
                                                            {
                                                                kind: MULTIPLY
                                                                value: *
                                                            }
                                                            BTreeNode
                                                            {
                                                                kind: ID
                                                                value: x
                                                            }
                                                            BTreeNode
                                                            {
                                                                kind: ID
                                                                value: y
                                                            }
                                                        }
                                                    }
                                                }
                                                BTreeNode
                                                {
                                                    kind: ASSIGN
                                                    value: :=
                                                    nodeList:
                                                    BTreeNode
                                                    {
                                                        kind: ID
                                                        value: quot
                                                    }
                                                    BTreeNode
                                                    {
                                                        kind: -1
                                                        value: term
                                                        nodeList:
                                                        BTreeNode
                                                        {
                                                            kind: DIVIDE
                                                            value: /
                                                        }
                                                        BTreeNode
                                                        {
                                                            kind: ID
                                                            value: x
                                                        }
                                                        BTreeNode
                                                        {
                                                            kind: ID
                                                            value: y
                                                        }
                                                    }
                                                }
                                            }
                                            BTreeNode
                                            {
                                                kind: ASSIGN
                                                value: :=
                                                nodeList:
                                                BTreeNode
                                                {
                                                    kind: ID
                                                    value: remain
                                                }
                                                BTreeNode
                                                {
                                                    kind: -1
                                                    value: term
                                                    nodeList:
                                                    BTreeNode
                                                    {
                                                        kind: MOD
                                                        value: %
                                                    }
                                                    BTreeNode
                                                    {
                                                        kind: ID
                                                        value: x
                                                    }
                                                    BTreeNode
                                                    {
                                                        kind: ID
                                                        value: y
                                                    }
                                                }
                                            }
                                        }
                                        BTreeNode
                                        {
                                            kind: ASSIGN
                                            value: :=
                                            nodeList:
                                            BTreeNode
                                            {
                                                kind: ID
                                                value: power
                                            }
                                            BTreeNode
                                            {
                                                kind: ID
                                                value: x
                                            }
                                        }
                                    }
                                    BTreeNode
                                    {
                                        kind: if
                                        value: if
                                        nodeList:
                                        BTreeNode
                                        {
                                            kind: LT
                                            value: <
                                            nodeList:
                                            BTreeNode
                                            {
                                                kind: ID
                                                value: x
                                            }
                                            BTreeNode
                                            {
                                                kind: ID
                                                value: y
                                            }
                                        }
                                        BTreeNode
                                        {
                                            kind: write
                                            value: write
                                            nodeList:
                                            BTreeNode
                                            {
                                                kind: ID
                                                value: x
                                            }
                                        }
                                    }
                                }
                                BTreeNode
                                {
                                    kind: if
                                    value: if
                                    nodeList:
                                    BTreeNode
                                    {
                                        kind: RT
                                        value: >
                                        nodeList:
                                        BTreeNode
                                        {
                                            kind: ID
                                            value: x
                                        }
                                        BTreeNode
                                        {
                                            kind: ID
                                            value: y
                                        }
                                    }
                                    BTreeNode
                                    {
                                        kind: write
                                        value: write
                                        nodeList:
                                        BTreeNode
                                        {
                                            kind: ID
                                            value: y
                                        }
                                    }
                                }
                            }
                            BTreeNode
                            {
                                kind: if
                                value: if
                                nodeList:
                                BTreeNode
                                {
                                    kind: EQ
                                    value: =
                                    nodeList:
                                    BTreeNode
                                    {
                                        kind: ID
                                        value: x
                                    }
                                    BTreeNode
                                    {
                                        kind: ID
                                        value: y
                                    }
                                }
                                BTreeNode
                                {
                                    kind: write
                                    value: write
                                    nodeList:
                                    BTreeNode
                                    {
                                        kind: ID
                                        value: sum
                                    }
                                }
                            }
                        }
                        BTreeNode
                        {
                            kind: if
                            value: if
                            nodeList:
                            BTreeNode
                            {
                                kind: LTEQ
                                value: <=
                                nodeList:
                                BTreeNode
                                {
                                    kind: ID
                                    value: x
                                }
                                BTreeNode
                                {
                                    kind: ID
                                    value: y
                                }
                            }
                            BTreeNode
                            {
                                kind: write
                                value: write
                                nodeList:
                                BTreeNode
                                {
                                    kind: ID
                                    value: diff
                                }
                            }
                        }
                    }
                    BTreeNode
                    {
                        kind: if
                        value: if
                        nodeList:
                        BTreeNode
                        {
                            kind: RTEQ
                            value: >=
                            nodeList:
                            BTreeNode
                            {
                                kind: ID
                                value: x
                            }
                            BTreeNode
                            {
                                kind: ID
                                value: y
                            }
                        }
                        BTreeNode
                        {
                            kind: write
                            value: write
                            nodeList:
                            BTreeNode
                            {
                                kind: ID
                                value: prod
                            }
                        }
                    }
                }
                BTreeNode
                {
                    kind: if
                    value: if
                    nodeList:
                    BTreeNode
                    {
                        kind: NE
                        value: <>
                        nodeList:
                        BTreeNode
                        {
                            kind: ID
                            value: x
                        }
                        BTreeNode
                        {
                            kind: ID
                            value: y
                        }
                    }
                    BTreeNode
                    {
                        kind: write
                        value: write
                        nodeList:
                        BTreeNode
                        {
                            kind: ID
                            value: quot
                        }
                    }
                }
            }
            BTreeNode
            {
                kind: ASSIGN
                value: :=
                nodeList:
                BTreeNode
                {
                    kind: ID
                    value: counter
                }
                BTreeNode
                {
                    kind: NUMBER
                    value: 1
                }
            }
        }
        BTreeNode
        {
            kind: repeat
            value: repeat
            nodeList:
            BTreeNode
            {
                kind: -1
                value: stmt-sequence
                nodeList:
                BTreeNode
                {
                    kind: write
                    value: write
                    nodeList:
                    BTreeNode
                    {
                        kind: ID
                        value: counter
                    }
                }
                BTreeNode
                {
                    kind: ASSIGN
                    value: :=
                    nodeList:
                    BTreeNode
                    {
                        kind: ID
                        value: counter
                    }
                    BTreeNode
                    {
                        kind: -1
                        value: simple-exp
                        nodeList:
                        BTreeNode
                        {
                            kind: PLUS
                            value: +
                        }
                        BTreeNode
                        {
                            kind: ID
                            value: counter
                        }
                        BTreeNode
                        {
                            kind: NUMBER
                            value: 1
                        }
                    }
                }
            }
            BTreeNode
            {
                kind: RT
                value: >
                nodeList:
                BTreeNode
                {
                    kind: ID
                    value: counter
                }
                BTreeNode
                {
                    kind: NUMBER
                    value: 5
                }
            }
        }
    }
    BTreeNode
    {
        kind: if
        value: if
        nodeList:
        BTreeNode
        {
            kind: RT
            value: >
            nodeList:
            BTreeNode
            {
                kind: ID
                value: x
            }
            BTreeNode
            {
                kind: NUMBER
                value: 0
            }
        }
        BTreeNode
        {
            kind: if
            value: if
            nodeList:
            BTreeNode
            {
                kind: RT
                value: >
                nodeList:
                BTreeNode
                {
                    kind: ID
                    value: y
                }
                BTreeNode
                {
                    kind: NUMBER
                    value: 0
                }
            }
            BTreeNode
            {
                kind: -1
                value: stmt-sequence
                nodeList:
                BTreeNode
                {
                    kind: ASSIGN
                    value: :=
                    nodeList:
                    BTreeNode
                    {
                        kind: ID
                        value: result
                    }
                    BTreeNode
                    {
                        kind: -1
                        value: simple-exp
                        nodeList:
                        BTreeNode
                        {
                            kind: PLUS
                            value: +
                        }
                        BTreeNode
                        {
                            kind: ID
                            value: x
                        }
                        BTreeNode
                        {
                            kind: ID
                            value: y
                        }
                    }
                }
                BTreeNode
                {
                    kind: write
                    value: write
                    nodeList:
                    BTreeNode
                    {
                        kind: ID
                        value: result
                    }
                }
            }
            BTreeNode
            {
                kind: -1
                value: stmt-sequence
                nodeList:
                BTreeNode
                {
                    kind: ASSIGN
                    value: :=
                    nodeList:
                    BTreeNode
                    {
                        kind: ID
                        value: result
                    }
                    BTreeNode
                    {
                        kind: -1
                        value: simple-exp
                        nodeList:
                        BTreeNode
                        {
                            kind: MINUS
                            value: -
                        }
                        BTreeNode
                        {
                            kind: ID
                            value: x
                        }
                        BTreeNode
                        {
                            kind: ID
                            value: y
                        }
                    }
                }
                BTreeNode
                {
                    kind: write
                    value: write
                    nodeList:
                    BTreeNode
                    {
                        kind: ID
                        value: result
                    }
                }
            }
        }
        BTreeNode
        {
            kind: if
            value: if
            nodeList:
            BTreeNode
            {
                kind: RT
                value: >
                nodeList:
                BTreeNode
                {
                    kind: ID
                    value: y
                }
                BTreeNode
                {
                    kind: NUMBER
                    value: 0
                }
            }
            BTreeNode
            {
                kind: -1
                value: stmt-sequence
                nodeList:
                BTreeNode
                {
                    kind: ASSIGN
                    value: :=
                    nodeList:
                    BTreeNode
                    {
                        kind: ID
                        value: result
                    }
                    BTreeNode
                    {
                        kind: -1
                        value: simple-exp
                        nodeList:
                        BTreeNode
                        {
                            kind: MINUS
                            value: -
                        }
                        BTreeNode
                        {
                            kind: ID
                            value: y
                        }
                        BTreeNode
                        {
                            kind: ID
                            value: x
                        }
                    }
                }
                BTreeNode
                {
                    kind: write
                    value: write
                    nodeList:
                    BTreeNode
                    {
                        kind: ID
                        value: result
                    }
                }
            }
            BTreeNode
            {
                kind: -1
                value: stmt-sequence
                nodeList:
                BTreeNode
                {
                    kind: ASSIGN
                    value: :=
                    nodeList:
                    BTreeNode
                    {
                        kind: ID
                        value: result
                    }
                    BTreeNode
                    {
                        kind: NUMBER
                        value: 0
                    }
                }
                BTreeNode
                {
                    kind: write
                    value: write
                    nodeList:
                    BTreeNode
                    {
                        kind: ID
                        value: result
                    }
                }
            }
        }
    }
}
